Determining if the pthread_create exist failed with the following output:
Change Dir: /home/valentin/FAKS/HDR/robot_workspaces/calibration/calibration_ws/build/CMakeFiles/CMakeTmp

Run Build Command:"/usr/bin/make" "cmTC_6f43c/fast"
/usr/bin/make -f CMakeFiles/cmTC_6f43c.dir/build.make CMakeFiles/cmTC_6f43c.dir/build
make[1]: Entering directory '/home/valentin/FAKS/HDR/robot_workspaces/calibration/calibration_ws/build/CMakeFiles/CMakeTmp'
Building C object CMakeFiles/cmTC_6f43c.dir/CheckSymbolExists.c.o
/usr/bin/cc    -o CMakeFiles/cmTC_6f43c.dir/CheckSymbolExists.c.o   -c /home/valentin/FAKS/HDR/robot_workspaces/calibration/calibration_ws/build/CMakeFiles/CMakeTmp/CheckSymbolExists.c
Linking C executable cmTC_6f43c
/usr/bin/cmake -E cmake_link_script CMakeFiles/cmTC_6f43c.dir/link.txt --verbose=1
/usr/bin/cc      -rdynamic CMakeFiles/cmTC_6f43c.dir/CheckSymbolExists.c.o  -o cmTC_6f43c 
CMakeFiles/cmTC_6f43c.dir/CheckSymbolExists.c.o: In function `main':
CheckSymbolExists.c:(.text+0x1b): undefined reference to `pthread_create'
collect2: error: ld returned 1 exit status
CMakeFiles/cmTC_6f43c.dir/build.make:97: recipe for target 'cmTC_6f43c' failed
make[1]: *** [cmTC_6f43c] Error 1
make[1]: Leaving directory '/home/valentin/FAKS/HDR/robot_workspaces/calibration/calibration_ws/build/CMakeFiles/CMakeTmp'
Makefile:126: recipe for target 'cmTC_6f43c/fast' failed
make: *** [cmTC_6f43c/fast] Error 2

File /home/valentin/FAKS/HDR/robot_workspaces/calibration/calibration_ws/build/CMakeFiles/CMakeTmp/CheckSymbolExists.c:
/* */
#include <pthread.h>

int main(int argc, char** argv)
{
  (void)argv;
#ifndef pthread_create
  return ((int*)(&pthread_create))[argc];
#else
  (void)argc;
  return 0;
#endif
}

Determining if the function pthread_create exists in the pthreads failed with the following output:
Change Dir: /home/valentin/FAKS/HDR/robot_workspaces/calibration/calibration_ws/build/CMakeFiles/CMakeTmp

Run Build Command:"/usr/bin/make" "cmTC_a9ee6/fast"
/usr/bin/make -f CMakeFiles/cmTC_a9ee6.dir/build.make CMakeFiles/cmTC_a9ee6.dir/build
make[1]: Entering directory '/home/valentin/FAKS/HDR/robot_workspaces/calibration/calibration_ws/build/CMakeFiles/CMakeTmp'
Building C object CMakeFiles/cmTC_a9ee6.dir/CheckFunctionExists.c.o
/usr/bin/cc   -DCHECK_FUNCTION_EXISTS=pthread_create   -o CMakeFiles/cmTC_a9ee6.dir/CheckFunctionExists.c.o   -c /usr/share/cmake-3.10/Modules/CheckFunctionExists.c
Linking C executable cmTC_a9ee6
/usr/bin/cmake -E cmake_link_script CMakeFiles/cmTC_a9ee6.dir/link.txt --verbose=1
/usr/bin/cc  -DCHECK_FUNCTION_EXISTS=pthread_create    -rdynamic CMakeFiles/cmTC_a9ee6.dir/CheckFunctionExists.c.o  -o cmTC_a9ee6 -lpthreads 
/usr/bin/ld: cannot find -lpthreads
collect2: error: ld returned 1 exit status
CMakeFiles/cmTC_a9ee6.dir/build.make:97: recipe for target 'cmTC_a9ee6' failed
make[1]: *** [cmTC_a9ee6] Error 1
make[1]: Leaving directory '/home/valentin/FAKS/HDR/robot_workspaces/calibration/calibration_ws/build/CMakeFiles/CMakeTmp'
Makefile:126: recipe for target 'cmTC_a9ee6/fast' failed
make: *** [cmTC_a9ee6/fast] Error 2


