Determining if the pthread_create exist failed with the following output:
Change Dir: /home/valentin/FAKS/HDR/robot_workspaces/robot_control_ws/build/CMakeFiles/CMakeTmp

Run Build Command:"/usr/bin/make" "cmTC_ae69f/fast"
/usr/bin/make -f CMakeFiles/cmTC_ae69f.dir/build.make CMakeFiles/cmTC_ae69f.dir/build
make[1]: Entering directory '/home/valentin/FAKS/HDR/robot_workspaces/robot_control_ws/build/CMakeFiles/CMakeTmp'
Building C object CMakeFiles/cmTC_ae69f.dir/CheckSymbolExists.c.o
/usr/bin/cc    -o CMakeFiles/cmTC_ae69f.dir/CheckSymbolExists.c.o   -c /home/valentin/FAKS/HDR/robot_workspaces/robot_control_ws/build/CMakeFiles/CMakeTmp/CheckSymbolExists.c
Linking C executable cmTC_ae69f
/usr/bin/cmake -E cmake_link_script CMakeFiles/cmTC_ae69f.dir/link.txt --verbose=1
/usr/bin/cc      -rdynamic CMakeFiles/cmTC_ae69f.dir/CheckSymbolExists.c.o  -o cmTC_ae69f 
CMakeFiles/cmTC_ae69f.dir/CheckSymbolExists.c.o: In function `main':
CheckSymbolExists.c:(.text+0x1b): undefined reference to `pthread_create'
collect2: error: ld returned 1 exit status
CMakeFiles/cmTC_ae69f.dir/build.make:97: recipe for target 'cmTC_ae69f' failed
make[1]: *** [cmTC_ae69f] Error 1
make[1]: Leaving directory '/home/valentin/FAKS/HDR/robot_workspaces/robot_control_ws/build/CMakeFiles/CMakeTmp'
Makefile:126: recipe for target 'cmTC_ae69f/fast' failed
make: *** [cmTC_ae69f/fast] Error 2

File /home/valentin/FAKS/HDR/robot_workspaces/robot_control_ws/build/CMakeFiles/CMakeTmp/CheckSymbolExists.c:
/* */
#include <pthread.h>

int main(int argc, char** argv)
{
  (void)argv;
#ifndef pthread_create
  return ((int*)(&pthread_create))[argc];
#else
  (void)argc;
  return 0;
#endif
}

Determining if the function pthread_create exists in the pthreads failed with the following output:
Change Dir: /home/valentin/FAKS/HDR/robot_workspaces/robot_control_ws/build/CMakeFiles/CMakeTmp

Run Build Command:"/usr/bin/make" "cmTC_a560e/fast"
/usr/bin/make -f CMakeFiles/cmTC_a560e.dir/build.make CMakeFiles/cmTC_a560e.dir/build
make[1]: Entering directory '/home/valentin/FAKS/HDR/robot_workspaces/robot_control_ws/build/CMakeFiles/CMakeTmp'
Building C object CMakeFiles/cmTC_a560e.dir/CheckFunctionExists.c.o
/usr/bin/cc   -DCHECK_FUNCTION_EXISTS=pthread_create   -o CMakeFiles/cmTC_a560e.dir/CheckFunctionExists.c.o   -c /usr/share/cmake-3.10/Modules/CheckFunctionExists.c
Linking C executable cmTC_a560e
/usr/bin/cmake -E cmake_link_script CMakeFiles/cmTC_a560e.dir/link.txt --verbose=1
/usr/bin/cc  -DCHECK_FUNCTION_EXISTS=pthread_create    -rdynamic CMakeFiles/cmTC_a560e.dir/CheckFunctionExists.c.o  -o cmTC_a560e -lpthreads 
/usr/bin/ld: cannot find -lpthreads
collect2: error: ld returned 1 exit status
CMakeFiles/cmTC_a560e.dir/build.make:97: recipe for target 'cmTC_a560e' failed
make[1]: *** [cmTC_a560e] Error 1
make[1]: Leaving directory '/home/valentin/FAKS/HDR/robot_workspaces/robot_control_ws/build/CMakeFiles/CMakeTmp'
Makefile:126: recipe for target 'cmTC_a560e/fast' failed
make: *** [cmTC_a560e/fast] Error 2


